Build started 12/19/2014 3:44:17 PM.
     1>Project "C:\Users\User\Programming\FitPet\FitPetv1\FitPetv1.vcxproj" on node 2 (Build target(s)).
     1>ClCompile:
         C:\Program Files (x86)\Microsoft Visual Studio 12.0\VC\bin\CL.exe /c /I"C:\Program Files (x86)\Arduino\hardware\arduino\sam\cores\arduino" /I"C:\Program Files (x86)\Arduino\hardware\arduino\sam\variants\arduino_due_x" /I"C:\Program Files (x86)\Arduino\hardware\arduino\sam\libraries\SPI" /I"C:\Program Files (x86)\Arduino\hardware\arduino\sam\libraries\SPI\utility" /I"C:\Program Files (x86)\Arduino\libraries\SD\src" /I"C:\Program Files (x86)\Arduino\libraries\SD\src\utility" /I"C:\Program Files (x86)\Arduino\libraries" /I"C:\Program Files (x86)\Arduino\hardware\arduino\sam\libraries" /I"C:\Program Files (x86)\Visual Micro\Visual Micro for Arduino\Micro Platforms\default\debuggers" /IC:\Users\User\Documents\Arduino\libraries /I"C:\Program Files (x86)\Arduino\hardware\arduino\sam\system\CMSIS\Device\ATMEL\\" /I"C:\Program Files (x86)\Arduino\hardware\arduino\sam\system\libsam" /I"C:\Program Files (x86)\Arduino\hardware\arduino\sam\system\libsam\include" /I"C:\Program Files (x86)\Arduino\hardware\arduino\sam\system\CMSIS\CMSIS\Include\\" /I"C:\Program Files (x86)\Arduino\hardware\arduino\sam\system\CMSIS\CMSIS\Include\\" /I"C:\Program Files (x86)\Arduino\hardware\arduino\sam\system\CMSIS\Device\ATMEL\\" /I"C:\Program Files (x86)\Arduino\hardware\arduino\sam\system\libsam" /I"C:\Program Files (x86)\Arduino\hardware\arduino\sam\system\libsam\include" /I"C:\Program Files (x86)\Arduino/hardware/tools/g++_arm_none_eabi\arm-none-eabi\include" /I"C:\Program Files (x86)\Arduino/hardware/tools/g++_arm_none_eabi\arm_none_eabi\include\\" /I"C:\Program Files (x86)\Arduino/hardware/tools/g++_arm_none_eabi\lib\gcc\arm-none-eabi\4.4.1\include" /I"C:\Program Files (x86)\Arduino/hardware/tools/g++_arm_none_eabi\lib\gcc\arm-none-eabi\4.4.1\include\\" /ZI /nologo /W3 /WX- /sdl /Od /Oy- /D __SAM3X8E__ /D USB_VID=0x2341 /D USB_PID=0x003e /D USBCON /D "USB_MANUFACTURER=\"Unknown\"" /D "USB_PRODUCT=\"Arduino Due\"" /D ARDUINO=158 /D ARDUINO_MAIN /D printf=iprintf /D __SAM__ /D __sam__ /D F_CPU=84000000L /D __cplusplus /D _MBCS /X /Gm /EHsc /RTC1 /MDd /GS /fp:precise /Zc:wchar_t /Zc:forScope /Fo"Debug\\" /Fd"Debug\vc120.pdb" /Gd /TP /FI"C:\Users\User\Programming\FitPet\FitPetv1\Visual Micro\.FitPetv1.vsarduino.h" /analyze- /errorReport:prompt gui.cpp hardware.cpp
         hardware.cpp
     1>c1xx : warning C4117: macro name '__cplusplus' is reserved, '#define' ignored
     1>c:\users\user\programming\fitpet\fitpetv1\visual micro\.fitpetv1.vsarduino.h(13): warning C4005: '__SAM3X8E__' : macro redefinition
                 command-line arguments :  see previous definition of '__SAM3X8E__'
     1>c:\users\user\programming\fitpet\fitpetv1\visual micro\.fitpetv1.vsarduino.h(16): warning C4005: 'USBCON' : macro redefinition
                 command-line arguments :  see previous definition of 'USBCON'
     1>c:\users\user\programming\fitpet\fitpetv1\visual micro\.fitpetv1.vsarduino.h(17): warning C4005: 'USB_MANUFACTURER' : macro redefinition
                 command-line arguments :  see previous definition of 'USB_MANUFACTURER'
     1>c:\users\user\programming\fitpet\fitpetv1\visual micro\.fitpetv1.vsarduino.h(18): warning C4005: 'USB_PRODUCT' : macro redefinition
                 command-line arguments :  see previous definition of 'USB_PRODUCT'
     1>c:\users\user\programming\fitpet\fitpetv1\visual micro\.fitpetv1.vsarduino.h(20): warning C4005: 'ARDUINO_MAIN' : macro redefinition
                 command-line arguments :  see previous definition of 'ARDUINO_MAIN'
     1>c:\users\user\programming\fitpet\fitpetv1\visual micro\.fitpetv1.vsarduino.h(22): warning C4005: '__SAM__' : macro redefinition
                 command-line arguments :  see previous definition of '__SAM__'
     1>c:\users\user\programming\fitpet\fitpetv1\visual micro\.fitpetv1.vsarduino.h(23): warning C4005: '__sam__' : macro redefinition
                 command-line arguments :  see previous definition of '__sam__'
     1>c:\users\user\programming\fitpet\fitpetv1\visual micro\.fitpetv1.vsarduino.h(25): warning C4117: macro name '__cplusplus' is reserved, '#define' ignored
     1>c:\users\user\programming\fitpet\fitpetv1\visual micro\.fitpetv1.vsarduino.h(32): warning C4005: '__asm__' : macro redefinition
                 c:\users\user\programming\fitpet\fitpetv1\visual micro\.fitpetv1.vsarduino.h(27) : see previous definition of '__asm__'
     1>c:\users\user\programming\fitpet\fitpetv1\visual micro\.fitpetv1.vsarduino.h(56): error C2146: syntax error : missing ';' before identifier 'conv2d'
     1>c:\users\user\programming\fitpet\fitpetv1\visual micro\.fitpetv1.vsarduino.h(56): error C4430: missing type specifier - int assumed. Note: C++ does not support default-int
     1>c:\users\user\programming\fitpet\fitpetv1\visual micro\.fitpetv1.vsarduino.h(57): error C2061: syntax error : identifier 'uint8_t'
     1>c:\users\user\programming\fitpet\fitpetv1\visual micro\.fitpetv1.vsarduino.h(58): error C2146: syntax error : missing ';' before identifier 'read16'
     1>c:\users\user\programming\fitpet\fitpetv1\visual micro\.fitpetv1.vsarduino.h(58): error C4430: missing type specifier - int assumed. Note: C++ does not support default-int
     1>c:\users\user\programming\fitpet\fitpetv1\visual micro\.fitpetv1.vsarduino.h(58): error C2065: 'File' : undeclared identifier
     1>c:\users\user\programming\fitpet\fitpetv1\visual micro\.fitpetv1.vsarduino.h(58): error C2146: syntax error : missing ')' before identifier 'f'
     1>c:\users\user\programming\fitpet\fitpetv1\visual micro\.fitpetv1.vsarduino.h(58): error C2059: syntax error : ')'
     1>c:\users\user\programming\fitpet\fitpetv1\visual micro\.fitpetv1.vsarduino.h(59): error C2146: syntax error : missing ';' before identifier 'read32'
     1>c:\users\user\programming\fitpet\fitpetv1\visual micro\.fitpetv1.vsarduino.h(59): error C4430: missing type specifier - int assumed. Note: C++ does not support default-int
     1>c:\users\user\programming\fitpet\fitpetv1\visual micro\.fitpetv1.vsarduino.h(59): error C2065: 'File' : undeclared identifier
     1>c:\users\user\programming\fitpet\fitpetv1\visual micro\.fitpetv1.vsarduino.h(59): error C2146: syntax error : missing ')' before identifier 'f'
     1>c:\users\user\programming\fitpet\fitpetv1\visual micro\.fitpetv1.vsarduino.h(59): error C2059: syntax error : ')'
     1>c:\program files (x86)\arduino\hardware\arduino\sam\cores\arduino\arduino.h(23): fatal error C1083: Cannot open include file: 'stdint.h': No such file or directory
         gui.cpp
     1>c1xx : warning C4117: macro name '__cplusplus' is reserved, '#define' ignored
     1>c:\users\user\programming\fitpet\fitpetv1\visual micro\.fitpetv1.vsarduino.h(13): warning C4005: '__SAM3X8E__' : macro redefinition
                 command-line arguments :  see previous definition of '__SAM3X8E__'
     1>c:\users\user\programming\fitpet\fitpetv1\visual micro\.fitpetv1.vsarduino.h(16): warning C4005: 'USBCON' : macro redefinition
                 command-line arguments :  see previous definition of 'USBCON'
     1>c:\users\user\programming\fitpet\fitpetv1\visual micro\.fitpetv1.vsarduino.h(17): warning C4005: 'USB_MANUFACTURER' : macro redefinition
                 command-line arguments :  see previous definition of 'USB_MANUFACTURER'
     1>c:\users\user\programming\fitpet\fitpetv1\visual micro\.fitpetv1.vsarduino.h(18): warning C4005: 'USB_PRODUCT' : macro redefinition
                 command-line arguments :  see previous definition of 'USB_PRODUCT'
     1>c:\users\user\programming\fitpet\fitpetv1\visual micro\.fitpetv1.vsarduino.h(20): warning C4005: 'ARDUINO_MAIN' : macro redefinition
                 command-line arguments :  see previous definition of 'ARDUINO_MAIN'
     1>c:\users\user\programming\fitpet\fitpetv1\visual micro\.fitpetv1.vsarduino.h(22): warning C4005: '__SAM__' : macro redefinition
                 command-line arguments :  see previous definition of '__SAM__'
     1>c:\users\user\programming\fitpet\fitpetv1\visual micro\.fitpetv1.vsarduino.h(23): warning C4005: '__sam__' : macro redefinition
                 command-line arguments :  see previous definition of '__sam__'
     1>c:\users\user\programming\fitpet\fitpetv1\visual micro\.fitpetv1.vsarduino.h(25): warning C4117: macro name '__cplusplus' is reserved, '#define' ignored
     1>c:\users\user\programming\fitpet\fitpetv1\visual micro\.fitpetv1.vsarduino.h(32): warning C4005: '__asm__' : macro redefinition
                 c:\users\user\programming\fitpet\fitpetv1\visual micro\.fitpetv1.vsarduino.h(27) : see previous definition of '__asm__'
     1>c:\users\user\programming\fitpet\fitpetv1\visual micro\.fitpetv1.vsarduino.h(56): error C2146: syntax error : missing ';' before identifier 'conv2d'
     1>c:\users\user\programming\fitpet\fitpetv1\visual micro\.fitpetv1.vsarduino.h(56): error C4430: missing type specifier - int assumed. Note: C++ does not support default-int
     1>c:\users\user\programming\fitpet\fitpetv1\visual micro\.fitpetv1.vsarduino.h(57): error C2061: syntax error : identifier 'uint8_t'
     1>c:\users\user\programming\fitpet\fitpetv1\visual micro\.fitpetv1.vsarduino.h(58): error C2146: syntax error : missing ';' before identifier 'read16'
     1>c:\users\user\programming\fitpet\fitpetv1\visual micro\.fitpetv1.vsarduino.h(58): error C4430: missing type specifier - int assumed. Note: C++ does not support default-int
     1>c:\users\user\programming\fitpet\fitpetv1\visual micro\.fitpetv1.vsarduino.h(58): error C2065: 'File' : undeclared identifier
     1>c:\users\user\programming\fitpet\fitpetv1\visual micro\.fitpetv1.vsarduino.h(58): error C2146: syntax error : missing ')' before identifier 'f'
     1>c:\users\user\programming\fitpet\fitpetv1\visual micro\.fitpetv1.vsarduino.h(58): error C2059: syntax error : ')'
     1>c:\users\user\programming\fitpet\fitpetv1\visual micro\.fitpetv1.vsarduino.h(59): error C2146: syntax error : missing ';' before identifier 'read32'
     1>c:\users\user\programming\fitpet\fitpetv1\visual micro\.fitpetv1.vsarduino.h(59): error C4430: missing type specifier - int assumed. Note: C++ does not support default-int
     1>c:\users\user\programming\fitpet\fitpetv1\visual micro\.fitpetv1.vsarduino.h(59): error C2065: 'File' : undeclared identifier
     1>c:\users\user\programming\fitpet\fitpetv1\visual micro\.fitpetv1.vsarduino.h(59): error C2146: syntax error : missing ')' before identifier 'f'
     1>c:\users\user\programming\fitpet\fitpetv1\visual micro\.fitpetv1.vsarduino.h(59): error C2059: syntax error : ')'
     1>c:\program files (x86)\arduino\hardware\arduino\sam\cores\arduino\arduino.h(23): fatal error C1083: Cannot open include file: 'stdint.h': No such file or directory
         Generating Code...
     1>Done Building Project "C:\Users\User\Programming\FitPet\FitPetv1\FitPetv1.vcxproj" (Build target(s)) -- FAILED.

Build FAILED.

Time Elapsed 00:00:00.89
